e:\postgraduate\ps2\advanced game\ass\a2code\agd_game\x64\debug\vc143.pdb
e:\postgraduate\ps2\advanced game\ass\a2code\agd_game\x64\debug\vc143.idb
e:\postgraduate\ps2\advanced game\ass\a2code\agd_game\x64\debug\rectangle.obj
e:\postgraduate\ps2\advanced game\ass\a2code\agd_game\x64\debug\window.obj
e:\postgraduate\ps2\advanced game\ass\a2code\agd_game\x64\debug\spritesheet.obj
e:\postgraduate\ps2\advanced game\ass\a2code\agd_game\x64\debug\animdirectional.obj
e:\postgraduate\ps2\advanced game\ass\a2code\agd_game\x64\debug\animbase.obj
e:\postgraduate\ps2\advanced game\ass\a2code\agd_game\x64\debug\player.obj
e:\postgraduate\ps2\advanced game\ass\a2code\agd_game\x64\debug\fire.obj
e:\postgraduate\ps2\advanced game\ass\a2code\agd_game\x64\debug\entity.obj
e:\postgraduate\ps2\advanced game\ass\a2code\agd_game\x64\debug\tile.obj
e:\postgraduate\ps2\advanced game\ass\a2code\agd_game\x64\debug\game.obj
e:\postgraduate\ps2\advanced game\ass\a2code\agd_game\x64\debug\board.obj
e:\postgraduate\ps2\advanced game\ass\a2code\agd_game\x64\debug\main.obj
e:\postgraduate\ps2\advanced game\ass\a2code\agd_game\x64\debug\gamecommand.obj
e:\postgraduate\ps2\advanced game\ass\a2code\agd_game\x64\debug\inputhandler.obj
e:\postgraduate\ps2\advanced game\ass\a2code\agd_game\x64\debug\playercommand.obj
e:\postgraduate\ps2\advanced game\ass\a2code\agd_game\x64\debug\main.obj.enc
e:\postgraduate\ps2\advanced game\ass\a2code\agd_game\x64\debug\agd_game.pdb
e:\postgraduate\ps2\advanced game\ass\a2code\agd_game\x64\debug\agd_game.tlog\cl.command.1.tlog
e:\postgraduate\ps2\advanced game\ass\a2code\agd_game\x64\debug\agd_game.tlog\cl.read.1.tlog
e:\postgraduate\ps2\advanced game\ass\a2code\agd_game\x64\debug\agd_game.tlog\cl.write.1.tlog
e:\postgraduate\ps2\advanced game\ass\a2code\agd_game\x64\debug\agd_game.tlog\link-cvtres.read.1.tlog
e:\postgraduate\ps2\advanced game\ass\a2code\agd_game\x64\debug\agd_game.tlog\link-cvtres.write.1.tlog
e:\postgraduate\ps2\advanced game\ass\a2code\agd_game\x64\debug\agd_game.tlog\link-rc.read.1.tlog
e:\postgraduate\ps2\advanced game\ass\a2code\agd_game\x64\debug\agd_game.tlog\link-rc.write.1.tlog
e:\postgraduate\ps2\advanced game\ass\a2code\agd_game\x64\debug\agd_game.tlog\link.74120-cvtres.read.1.tlog
e:\postgraduate\ps2\advanced game\ass\a2code\agd_game\x64\debug\agd_game.tlog\link.74120-cvtres.write.1.tlog
e:\postgraduate\ps2\advanced game\ass\a2code\agd_game\x64\debug\agd_game.tlog\link.74120-rc.read.1.tlog
e:\postgraduate\ps2\advanced game\ass\a2code\agd_game\x64\debug\agd_game.tlog\link.74120-rc.write.1.tlog
e:\postgraduate\ps2\advanced game\ass\a2code\agd_game\x64\debug\agd_game.tlog\link.74120.read.1.tlog
e:\postgraduate\ps2\advanced game\ass\a2code\agd_game\x64\debug\agd_game.tlog\link.74120.read.2.tlog
e:\postgraduate\ps2\advanced game\ass\a2code\agd_game\x64\debug\agd_game.tlog\link.74120.write.1.tlog
e:\postgraduate\ps2\advanced game\ass\a2code\agd_game\x64\debug\agd_game.tlog\link.command.1.tlog
e:\postgraduate\ps2\advanced game\ass\a2code\agd_game\x64\debug\agd_game.tlog\link.read.1.tlog
e:\postgraduate\ps2\advanced game\ass\a2code\agd_game\x64\debug\agd_game.tlog\link.read.2.tlog
e:\postgraduate\ps2\advanced game\ass\a2code\agd_game\x64\debug\agd_game.tlog\link.write.1.tlog
